<?xml version="1.0" encoding="UTF-8"?>
<testsuite name="example.knoldus.PoorHealthTest" tests="1" skipped="0" failures="0" errors="0" timestamp="2022-12-13T05:07:19" hostname="knoldus-Vostro-3500" time="0.03">
  <properties/>
  <testcase name="healthEndpointExposesOutOfDiscSpace()" classname="example.knoldus.PoorHealthTest" time="0.03"/>
  <system-out><![CDATA[?[36m10:37:18.987?[0;39m ?[1;30m[Test worker]?[0;39m ?[34mINFO ?[0;39m ?[35mi.m.context.env.DefaultEnvironment?[0;39m - Established active environments: [test]
]]></system-out>
  <system-err><![CDATA[]]></system-err>
</testsuite>
